<?xml version="1.0" encoding="UTF-8"?>
<!-- Generated by org.testng.reporters.JUnitReportReporter -->
<testsuite hostname="DESKTOP-MQGQOGA" name="com.api.gorest.tests.GetUsersTests" tests="1" failures="0" timestamp="21 Jul 2020 21:53:46 GMT" time="5.248" errors="0">
  <testcase name="getCallTest" time="5.248" classname="com.api.gorest.tests.GetUsersTests"/>
</testsuite> <!-- com.api.gorest.tests.GetUsersTests -->
