<?xml version="1.0" encoding="UTF-8"?>
<!-- Generated by org.testng.reporters.JUnitReportReporter -->
<testsuite hostname="DESKTOP-MQGQOGA" name="com.api.gorest.tests.CreateUsersTestsUsingExcel" tests="3" failures="0" timestamp="16 Jul 2020 23:45:51 GMT" time="7.881" errors="0">
  <testcase name="createUserExcelTest" time="1.539" classname="com.api.gorest.tests.CreateUsersTestsUsingExcel"/>
  <testcase name="createUserExcelTest" time="4.747" classname="com.api.gorest.tests.CreateUsersTestsUsingExcel"/>
  <testcase name="createUserExcelTest" time="1.595" classname="com.api.gorest.tests.CreateUsersTestsUsingExcel"/>
</testsuite> <!-- com.api.gorest.tests.CreateUsersTestsUsingExcel -->
