<?xml version="1.0" encoding="UTF-8"?>
<!-- Generated by org.testng.reporters.JUnitReportReporter -->
<testsuite hostname="DESKTOP-MQGQOGA" name="com.api.gorest.tests.CreateUsersTests" tests="1" failures="0" timestamp="16 Jul 2020 22:13:04 GMT" time="5.375" errors="0">
  <testcase name="createUserTest" time="5.375" classname="com.api.gorest.tests.CreateUsersTests"/>
</testsuite> <!-- com.api.gorest.tests.CreateUsersTests -->
